11.10.2022, 15:05:33 - INFO - Server is running on port: 3030
11.10.2022, 15:06:08 - INFO - Server is running on port: 3030
11.10.2022, 15:12:28 - INFO - Server is running on port: 3030
11.10.2022, 15:12:51 - INFO - Server is running on port: 3030
11.10.2022, 15:13:02 - INFO - Server is running on port: 3030
11.10.2022, 15:13:42 - INFO - Server is running on port: 3030
11.10.2022, 15:27:50 - INFO - Server is running on port: 3030
11.10.2022, 15:28:25 - INFO - Server is running on port: 3030
11.10.2022, 15:28:39 - INFO - Server is running on port: 3030
11.10.2022, 15:30:51 - INFO - Server is running on port: 3030
11.10.2022, 15:30:53 - INFO - Server is running on port: 3030
11.10.2022, 15:30:54 - INFO - Server is running on port: 3030
11.10.2022, 15:30:55 - INFO - Server is running on port: 3030
11.10.2022, 15:32:04 - INFO - Server is running on port: 3030
11.10.2022, 15:32:06 - INFO - Server is running on port: 3030
11.10.2022, 15:32:09 - ERROR - cannot insert user | {}
11.10.2022, 15:32:09 - ERROR - Failed to create user | {}
11.10.2022, 15:32:42 - INFO - Server is running on port: 3030
11.10.2022, 15:32:56 - ERROR - cannot insert user | {}
11.10.2022, 15:32:56 - ERROR - Failed to create user | {}
11.10.2022, 15:35:42 - ERROR - cannot insert user | {}
11.10.2022, 15:35:42 - ERROR - Failed to create user | {}
11.10.2022, 15:36:21 - ERROR - cannot insert user | {}
11.10.2022, 15:36:21 - ERROR - Failed to create user | {}
11.10.2022, 15:36:48 - INFO - Server is running on port: 3030
11.10.2022, 15:36:54 - INFO - Server is running on port: 3030
11.10.2022, 15:37:05 - INFO - Server is running on port: 3030
11.10.2022, 15:37:25 - INFO - Server is running on port: 3030
11.10.2022, 15:37:45 - INFO - Server is running on port: 3030
11.10.2022, 15:37:59 - INFO - Server is running on port: 3030
11.10.2022, 15:38:54 - INFO - Server is running on port: 3030
11.10.2022, 15:40:11 - INFO - Server is running on port: 3030
11.10.2022, 15:40:13 - ERROR - cannot find users | {}
11.10.2022, 15:40:13 - ERROR - Failed to get users | {}
11.10.2022, 15:40:21 - INFO - Server is running on port: 3030
11.10.2022, 15:40:42 - INFO - Server is running on port: 3030
11.10.2022, 15:40:50 - ERROR - while finding user 622f3401e36c59e6164fab4d | {}
11.10.2022, 15:40:50 - ERROR - Failed to get user | {}
11.10.2022, 15:40:54 - INFO - Server is running on port: 3030
11.10.2022, 15:46:57 - INFO - Server is running on port: 3030
11.10.2022, 15:47:00 - INFO - Server is running on port: 3030
11.10.2022, 15:49:00 - INFO - Server is running on port: 3030
11.10.2022, 16:27:21 - ERROR - while finding user 622f3401e36c59e6164fab57 | {}
11.10.2022, 16:27:21 - ERROR - Failed to get user | {}
11.10.2022, 16:27:22 - ERROR - while finding user 622f3401e36c59e6164fab57 | {}
11.10.2022, 16:27:22 - ERROR - Failed to get user | {}
11.10.2022, 16:27:51 - INFO - Server is running on port: 3030
11.10.2022, 16:28:34 - INFO - Server is running on port: 3030
11.10.2022, 16:29:15 - INFO - Server is running on port: 3030
11.10.2022, 16:29:28 - INFO - Server is running on port: 3030
11.10.2022, 16:29:35 - INFO - Server is running on port: 3030
11.10.2022, 16:29:38 - INFO - Server is running on port: 3030
11.10.2022, 16:29:40 - INFO - Server is running on port: 3030
11.10.2022, 16:30:19 - ERROR - while finding user 622f3401e36c59e6164fab57 | {}
11.10.2022, 16:30:19 - ERROR - Failed to get user | {}
11.10.2022, 16:31:34 - INFO - Server is running on port: 3030
11.10.2022, 16:32:26 - ERROR - while finding user 622f3401e36c59e6164fab57 | {}
11.10.2022, 16:32:26 - ERROR - Failed to get user | {}
11.10.2022, 16:32:31 - ERROR - cannot insert user | {}
11.10.2022, 16:32:31 - ERROR - Failed to create user | {}
11.10.2022, 16:33:55 - ERROR - while finding user 622f3401e36c59e6164fab57 | {}
11.10.2022, 16:33:55 - ERROR - Failed to get user | {}
11.10.2022, 16:42:13 - INFO - Server is running on port: 3030
11.10.2022, 16:42:24 - INFO - Server is running on port: 3030
11.10.2022, 16:43:28 - INFO - Server is running on port: 3030
11.10.2022, 16:48:58 - INFO - Server is running on port: 3030
11.10.2022, 16:49:09 - ERROR - while finding user 63457207f9672311767e7005 | {}
11.10.2022, 16:49:09 - ERROR - Failed to get user | {}
11.10.2022, 16:50:11 - ERROR - cannot insert user | {}
11.10.2022, 16:50:11 - ERROR - Failed to create user | {}
11.10.2022, 16:50:45 - INFO - Server is running on port: 3030
11.10.2022, 16:50:50 - ERROR - cannot insert user | {}
11.10.2022, 16:50:50 - ERROR - Failed to create user | {}
11.10.2022, 16:50:53 - ERROR - cannot insert user | {}
11.10.2022, 16:50:53 - ERROR - Failed to create user | {}
11.10.2022, 16:50:59 - INFO - Server is running on port: 3030
11.10.2022, 16:51:13 - INFO - Server is running on port: 3030
11.10.2022, 16:51:16 - ERROR - cannot insert user | {}
11.10.2022, 16:51:16 - ERROR - Failed to create user | {}
11.10.2022, 16:52:04 - ERROR - cannot insert user | {}
11.10.2022, 16:52:04 - ERROR - Failed to create user | {}
11.10.2022, 16:52:57 - INFO - Server is running on port: 3030
11.10.2022, 16:53:03 - ERROR - cannot insert user | {}
11.10.2022, 16:53:03 - ERROR - Failed to create user | {}
11.10.2022, 16:53:42 - INFO - Server is running on port: 3030
11.10.2022, 16:53:44 - ERROR - cannot insert user | {}
11.10.2022, 16:53:44 - ERROR - Failed to create user | {}
11.10.2022, 16:53:48 - ERROR - cannot insert user | {}
11.10.2022, 16:53:48 - ERROR - Failed to create user | {}
11.10.2022, 16:54:02 - ERROR - cannot insert user | {}
11.10.2022, 16:54:02 - ERROR - Failed to create user | {}
11.10.2022, 16:54:20 - INFO - Server is running on port: 3030
11.10.2022, 16:54:22 - ERROR - cannot insert user | {}
11.10.2022, 16:54:22 - ERROR - Failed to create user | {}
11.10.2022, 16:55:26 - INFO - Server is running on port: 3030
11.10.2022, 16:55:29 - ERROR - cannot insert user | {}
11.10.2022, 16:55:29 - ERROR - Failed to create user | {}
11.10.2022, 16:56:28 - INFO - Server is running on port: 3030
11.10.2022, 16:56:32 - ERROR - Failed to create user | {}
11.10.2022, 16:56:42 - ERROR - Failed to create user | {}
11.10.2022, 16:57:03 - INFO - Server is running on port: 3030
11.10.2022, 16:57:05 - ERROR - Failed to create user | {}
11.10.2022, 16:58:09 - INFO - Server is running on port: 3030
11.10.2022, 16:58:13 - ERROR - Failed to create user | {}
11.10.2022, 16:58:41 - INFO - Server is running on port: 3030
11.10.2022, 16:58:45 - ERROR - Failed to create user | {}
11.10.2022, 16:59:00 - INFO - Server is running on port: 3030
11.10.2022, 16:59:01 - ERROR - Failed to create user | {}
11.10.2022, 16:59:05 - ERROR - Failed to create user | {}
11.10.2022, 17:00:06 - INFO - Server is running on port: 3030
11.10.2022, 17:01:08 - INFO - Server is running on port: 3030
11.10.2022, 17:01:25 - INFO - Server is running on port: 3030
11.10.2022, 17:01:42 - INFO - Server is running on port: 3030
11.10.2022, 17:01:48 - INFO - Server is running on port: 3030
11.10.2022, 17:01:50 - ERROR - Failed to create user | {}
11.10.2022, 17:02:22 - INFO - Server is running on port: 3030
11.10.2022, 17:02:24 - ERROR - Failed to create user | {}
11.10.2022, 17:03:23 - INFO - Server is running on port: 3030
11.10.2022, 17:03:37 - INFO - Server is running on port: 3030
11.10.2022, 17:03:39 - ERROR - Failed to create user | {}
11.10.2022, 17:03:43 - INFO - Server is running on port: 3030
11.10.2022, 17:03:51 - INFO - Server is running on port: 3030
11.10.2022, 17:03:53 - INFO - Server is running on port: 3030
11.10.2022, 17:04:04 - INFO - Server is running on port: 3030
11.10.2022, 17:04:06 - ERROR - Failed to create user | {}
11.10.2022, 17:04:09 - ERROR - Failed to create user | {}
11.10.2022, 17:04:13 - ERROR - Failed to create user | {}
11.10.2022, 17:04:50 - INFO - Server is running on port: 3030
11.10.2022, 17:04:53 - ERROR - Failed to create user | {}
11.10.2022, 17:04:58 - ERROR - Failed to create user | {}
11.10.2022, 17:05:04 - ERROR - Failed to create user | {}
11.10.2022, 17:05:08 - INFO - Server is running on port: 3030
11.10.2022, 17:05:24 - ERROR - Failed to create user | {}
11.10.2022, 17:05:41 - ERROR - Failed to create user | {}
11.10.2022, 17:06:07 - INFO - Server is running on port: 3030
11.10.2022, 17:06:07 - INFO - Server is running on port: 3030
11.10.2022, 17:06:09 - INFO - Server is running on port: 3030
11.10.2022, 17:06:10 - ERROR - Failed to create user | {}
11.10.2022, 17:06:26 - INFO - Server is running on port: 3030
11.10.2022, 17:06:27 - INFO - Server is running on port: 3030
11.10.2022, 17:06:47 - INFO - Server is running on port: 3030
11.10.2022, 17:06:52 - ERROR - Failed to create user | {}
11.10.2022, 17:07:17 - INFO - Server is running on port: 3030
11.10.2022, 17:07:21 - ERROR - Failed to create user | {}
11.10.2022, 17:08:56 - INFO - Server is running on port: 3030
11.10.2022, 17:08:59 - INFO - Server is running on port: 3030
11.10.2022, 17:09:01 - ERROR - Failed to create user | {}
11.10.2022, 17:09:16 - INFO - Server is running on port: 3030
11.10.2022, 17:09:22 - INFO - Server is running on port: 3030
11.10.2022, 17:09:23 - ERROR - Failed to create user | {}
11.10.2022, 17:10:18 - INFO - Server is running on port: 3030
11.10.2022, 17:10:19 - ERROR - Failed to create user | {}
11.10.2022, 17:10:23 - INFO - Server is running on port: 3030
11.10.2022, 17:10:25 - ERROR - Failed to create user | {}
11.10.2022, 17:10:37 - INFO - Server is running on port: 3030
11.10.2022, 17:10:39 - ERROR - Failed to create user | {}
11.10.2022, 17:10:48 - ERROR - Failed to create user | {}
11.10.2022, 17:10:55 - INFO - Server is running on port: 3030
11.10.2022, 17:10:56 - ERROR - Failed to create user | {}
11.10.2022, 17:11:01 - INFO - Server is running on port: 3030
11.10.2022, 17:11:02 - ERROR - Failed to create user | {}
11.10.2022, 17:11:37 - INFO - Server is running on port: 3030
11.10.2022, 17:13:02 - INFO - Server is running on port: 3030
11.10.2022, 17:13:56 - INFO - Server is running on port: 3030
11.10.2022, 17:14:08 - INFO - Server is running on port: 3030
11.10.2022, 17:14:18 - INFO - Server is running on port: 3030
11.10.2022, 17:14:32 - INFO - Server is running on port: 3030
11.10.2022, 17:14:34 - INFO - Server is running on port: 3030
11.10.2022, 17:17:31 - INFO - Server is running on port: 3030
11.10.2022, 17:19:40 - INFO - Server is running on port: 3030
11.10.2022, 17:19:44 - INFO - Server is running on port: 3030
11.10.2022, 17:20:39 - ERROR - while finding user 63457207f9672311767e7005 | {}
11.10.2022, 17:20:39 - ERROR - Failed to get user | {}
11.10.2022, 17:21:40 - INFO - Server is running on port: 3030
11.10.2022, 17:22:52 - ERROR - while finding user 63457207f9672311767e7005 | {}
11.10.2022, 17:22:52 - ERROR - Failed to get user | {}
11.10.2022, 17:29:20 - INFO - Server is running on port: 3030
11.10.2022, 17:29:22 - INFO - Server is running on port: 3030
11.10.2022, 18:10:52 - INFO - Server is running on port: 3030
11.10.2022, 18:11:05 - INFO - Server is running on port: 3030
11.10.2022, 18:11:16 - INFO - Server is running on port: 3030
11.10.2022, 18:12:09 - INFO - Server is running on port: 3030
11.10.2022, 18:14:36 - INFO - Server is running on port: 3030
11.10.2022, 18:14:42 - INFO - Server is running on port: 3030
11.10.2022, 18:16:11 - INFO - Server is running on port: 3030
11.10.2022, 18:22:03 - INFO - Server is running on port: 3030
11.10.2022, 18:22:18 - INFO - Server is running on port: 3030
11.10.2022, 18:22:42 - INFO - Server is running on port: 3030
11.10.2022, 18:23:19 - INFO - Server is running on port: 3030
11.10.2022, 18:24:19 - INFO - Server is running on port: 3030
11.10.2022, 18:24:36 - INFO - Server is running on port: 3030
11.10.2022, 18:24:43 - INFO - Server is running on port: 3030
11.10.2022, 18:26:14 - INFO - Server is running on port: 3030
11.10.2022, 18:27:29 - INFO - Server is running on port: 3030
11.10.2022, 18:28:26 - INFO - Server is running on port: 3030
11.10.2022, 18:29:18 - INFO - Server is running on port: 3030
11.10.2022, 18:29:52 - INFO - Server is running on port: 3030
11.10.2022, 18:30:22 - INFO - Server is running on port: 3030
11.10.2022, 18:30:48 - DEBUG - Getting Stays
11.10.2022, 19:01:26 - INFO - Server is running on port: 3030
11.10.2022, 19:09:55 - INFO - Server is running on port: 3030
11.10.2022, 19:11:24 - INFO - Server is running on port: 3030
11.10.2022, 19:11:38 - INFO - Server is running on port: 3030
11.10.2022, 19:11:53 - INFO - Server is running on port: 3030
11.10.2022, 19:12:07 - INFO - Server is running on port: 3030
11.10.2022, 19:12:33 - INFO - Server is running on port: 3030
11.10.2022, 19:16:19 - INFO - Server is running on port: 3030
11.10.2022, 19:16:33 - INFO - Server is running on port: 3030
11.10.2022, 19:16:44 - INFO - Server is running on port: 3030
11.10.2022, 19:17:07 - INFO - Server is running on port: 3030
11.10.2022, 19:17:15 - INFO - Server is running on port: 3030
11.10.2022, 19:18:29 - INFO - Server is running on port: 3030
11.10.2022, 19:18:37 - INFO - Server is running on port: 3030
11.10.2022, 19:19:15 - INFO - Server is running on port: 3030
11.10.2022, 19:20:43 - INFO - Server is running on port: 3030
11.10.2022, 19:20:46 - DEBUG - Getting Orders
11.10.2022, 19:22:59 - ERROR - Failed to update order | {}
11.10.2022, 19:23:11 - ERROR - Failed to update order | {}
11.10.2022, 19:23:54 - INFO - Server is running on port: 3030
11.10.2022, 19:23:57 - ERROR - Failed to update order | {}
11.10.2022, 19:24:11 - INFO - Server is running on port: 3030
11.10.2022, 21:54:10 - INFO - Server is running on port: 3030
11.10.2022, 22:18:18 - INFO - Server is running on port: 3030
11.10.2022, 22:18:39 - INFO - Server is running on port: 3030
11.10.2022, 22:19:47 - INFO - Server is running on port: 3030
12.10.2022, 8:48:34 - INFO - Server is running on port: 3030
12.10.2022, 8:53:54 - ERROR - Failed to update order | {}
12.10.2022, 8:55:24 - DEBUG - Getting Orders
12.10.2022, 8:55:36 - ERROR - Failed to add order | {}
12.10.2022, 9:01:09 - INFO - Server is running on port: 3030
12.10.2022, 9:01:12 - ERROR - Failed to add order | {}
12.10.2022, 9:01:26 - INFO - Server is running on port: 3030
12.10.2022, 9:01:29 - ERROR - Failed to add order | {}
12.10.2022, 9:31:56 - INFO - Server is running on port: 3030
12.10.2022, 10:19:46 - INFO - Server is running on port: 3030
12.10.2022, 10:19:50 - DEBUG - Getting Stays
12.10.2022, 10:20:54 - DEBUG - Getting Stays
12.10.2022, 10:21:13 - INFO - Server is running on port: 3030
12.10.2022, 10:21:16 - DEBUG - Getting Stays
12.10.2022, 10:21:26 - INFO - Server is running on port: 3030
12.10.2022, 10:21:33 - DEBUG - Getting Stays
12.10.2022, 10:21:57 - DEBUG - Getting Stays
12.10.2022, 10:22:03 - DEBUG - Getting Stays
12.10.2022, 10:23:11 - DEBUG - Getting Stays
12.10.2022, 10:23:36 - DEBUG - Getting Stays
12.10.2022, 10:23:43 - DEBUG - Getting Stays
12.10.2022, 10:26:18 - INFO - Server is running on port: 3030
12.10.2022, 10:26:22 - DEBUG - Getting Stays
12.10.2022, 10:26:31 - INFO - Server is running on port: 3030
12.10.2022, 10:26:35 - DEBUG - Getting Stays
12.10.2022, 10:26:46 - DEBUG - Getting Stays
12.10.2022, 10:26:56 - DEBUG - Getting Stays
12.10.2022, 10:27:41 - DEBUG - Getting Stays
12.10.2022, 10:28:04 - INFO - Server is running on port: 3030
12.10.2022, 10:28:09 - DEBUG - Getting Stays
12.10.2022, 10:28:22 - INFO - Server is running on port: 3030
12.10.2022, 10:28:23 - INFO - Server is running on port: 3030
12.10.2022, 10:28:38 - INFO - Server is running on port: 3030
12.10.2022, 10:28:40 - DEBUG - Getting Stays
12.10.2022, 10:29:12 - DEBUG - Getting Stays
12.10.2022, 10:29:20 - DEBUG - Getting Stays
12.10.2022, 10:29:25 - INFO - Server is running on port: 3030
12.10.2022, 10:29:57 - DEBUG - Getting Stays
12.10.2022, 10:30:05 - DEBUG - Getting Stays
12.10.2022, 10:30:17 - DEBUG - Getting Stays
12.10.2022, 10:30:28 - DEBUG - Getting Stays
12.10.2022, 10:34:11 - DEBUG - Getting Stays
12.10.2022, 10:34:11 - ERROR - Failed to get stays | {}
12.10.2022, 10:42:36 - INFO - Server is running on port: 3030
12.10.2022, 10:43:19 - DEBUG - Getting Stays
12.10.2022, 10:43:19 - ERROR - Failed to get stays | {}
12.10.2022, 10:43:20 - DEBUG - Getting Stays
12.10.2022, 10:43:20 - ERROR - Failed to get stays | {}
12.10.2022, 10:43:32 - DEBUG - Getting Stays
12.10.2022, 10:43:32 - ERROR - Failed to get stays | {}
12.10.2022, 10:44:02 - DEBUG - Getting Stays
12.10.2022, 10:44:02 - ERROR - Failed to get stays | {}
12.10.2022, 10:44:12 - INFO - Server is running on port: 3030
12.10.2022, 10:44:17 - DEBUG - Getting Stays
12.10.2022, 10:44:17 - ERROR - Failed to get stays | {}
12.10.2022, 10:44:31 - INFO - Server is running on port: 3030
12.10.2022, 10:44:33 - DEBUG - Getting Stays
12.10.2022, 10:44:33 - ERROR - Failed to get stays | {}
12.10.2022, 10:44:40 - INFO - Server is running on port: 3030
12.10.2022, 10:44:58 - DEBUG - Getting Stays
12.10.2022, 10:45:16 - INFO - Server is running on port: 3030
12.10.2022, 10:45:19 - DEBUG - Getting Stays
12.10.2022, 10:45:27 - DEBUG - Getting Stays
12.10.2022, 10:45:27 - ERROR - Failed to get stays | {}
12.10.2022, 10:47:33 - DEBUG - Getting Stays
12.10.2022, 10:47:48 - DEBUG - Getting Stays
12.10.2022, 10:47:48 - ERROR - Failed to get stays | {}
12.10.2022, 10:48:21 - INFO - Server is running on port: 3030
12.10.2022, 10:48:23 - DEBUG - Getting Stays
12.10.2022, 10:48:23 - ERROR - Failed to get stays | {}
12.10.2022, 10:48:31 - INFO - Server is running on port: 3030
12.10.2022, 10:48:34 - DEBUG - Getting Stays
12.10.2022, 10:48:34 - ERROR - Failed to get stays | {}
12.10.2022, 10:49:06 - DEBUG - Getting Stays
12.10.2022, 10:49:06 - ERROR - Failed to get stays | {}
12.10.2022, 10:49:20 - INFO - Server is running on port: 3030
12.10.2022, 10:49:21 - DEBUG - Getting Stays
12.10.2022, 10:49:21 - ERROR - Failed to get stays | {}
12.10.2022, 10:50:17 - INFO - Server is running on port: 3030
12.10.2022, 10:50:25 - INFO - Server is running on port: 3030
12.10.2022, 10:50:26 - DEBUG - Getting Stays
12.10.2022, 10:51:05 - DEBUG - Getting Stays
12.10.2022, 11:53:41 - DEBUG - Getting Stays
12.10.2022, 11:54:03 - DEBUG - Getting Stays
12.10.2022, 11:54:03 - DEBUG - Getting Stays
12.10.2022, 11:54:22 - DEBUG - Getting Stays
12.10.2022, 11:54:34 - DEBUG - Getting Stays
12.10.2022, 11:54:37 - DEBUG - Getting Stays
12.10.2022, 11:54:42 - DEBUG - Getting Stays
12.10.2022, 11:54:42 - DEBUG - Getting Stays
12.10.2022, 11:54:43 - DEBUG - Getting Stays
12.10.2022, 11:54:51 - DEBUG - Getting Stays
12.10.2022, 11:54:53 - DEBUG - Getting Stays
12.10.2022, 11:54:54 - DEBUG - Getting Stays
12.10.2022, 11:54:55 - DEBUG - Getting Stays
12.10.2022, 11:55:24 - INFO - Server is running on port: 3030
12.10.2022, 11:55:56 - INFO - Server is running on port: 3030
12.10.2022, 11:56:02 - DEBUG - Getting Stays
12.10.2022, 11:56:25 - DEBUG - Getting Stays
12.10.2022, 11:56:33 - DEBUG - Getting Stays
12.10.2022, 11:56:33 - DEBUG - Getting Stays
12.10.2022, 11:56:33 - DEBUG - Getting Stays
12.10.2022, 11:56:33 - DEBUG - Getting Stays
12.10.2022, 11:56:33 - DEBUG - Getting Stays
12.10.2022, 11:56:33 - DEBUG - Getting Stays
12.10.2022, 11:56:45 - DEBUG - Getting Stays
12.10.2022, 11:56:45 - DEBUG - Getting Stays
12.10.2022, 11:56:46 - DEBUG - Getting Stays
12.10.2022, 11:56:53 - INFO - Server is running on port: 3030
12.10.2022, 11:57:11 - INFO - Server is running on port: 3030
12.10.2022, 11:57:37 - INFO - Server is running on port: 3030
12.10.2022, 11:57:59 - DEBUG - Getting Stays
12.10.2022, 11:58:05 - DEBUG - Getting Stays
12.10.2022, 11:58:05 - DEBUG - Getting Stays
12.10.2022, 11:58:05 - DEBUG - Getting Stays
12.10.2022, 11:58:05 - DEBUG - Getting Stays
12.10.2022, 11:58:05 - DEBUG - Getting Stays
12.10.2022, 11:58:09 - DEBUG - Getting Stays
12.10.2022, 11:58:18 - DEBUG - Getting Stays
12.10.2022, 11:58:19 - DEBUG - Getting Stays
12.10.2022, 11:58:21 - DEBUG - Getting Stays
12.10.2022, 11:58:23 - DEBUG - Getting Stays
12.10.2022, 11:58:24 - DEBUG - Getting Stays
12.10.2022, 11:58:25 - DEBUG - Getting Stays
12.10.2022, 11:58:31 - DEBUG - Getting Stays
12.10.2022, 11:58:33 - DEBUG - Getting Stays
12.10.2022, 11:58:37 - DEBUG - Getting Stays
12.10.2022, 11:58:39 - DEBUG - Getting Stays
12.10.2022, 11:58:40 - DEBUG - Getting Stays
12.10.2022, 11:58:41 - DEBUG - Getting Stays
12.10.2022, 11:58:42 - INFO - Server is running on port: 3030
12.10.2022, 11:58:43 - DEBUG - Getting Stays
12.10.2022, 11:58:43 - DEBUG - Getting Stays
12.10.2022, 11:58:43 - DEBUG - Getting Stays
12.10.2022, 11:58:43 - DEBUG - Getting Stays
12.10.2022, 11:58:43 - DEBUG - Getting Stays
12.10.2022, 11:58:43 - DEBUG - Getting Stays
12.10.2022, 11:58:50 - INFO - Server is running on port: 3030
12.10.2022, 11:58:50 - DEBUG - Getting Stays
12.10.2022, 11:58:50 - DEBUG - Getting Stays
12.10.2022, 11:58:50 - DEBUG - Getting Stays
12.10.2022, 11:58:57 - INFO - Server is running on port: 3030
12.10.2022, 11:58:58 - INFO - Server is running on port: 3030
12.10.2022, 11:59:02 - DEBUG - Getting Stays
12.10.2022, 11:59:03 - DEBUG - Getting Stays
12.10.2022, 11:59:19 - DEBUG - Getting Stays
12.10.2022, 11:59:19 - DEBUG - Getting Stays
12.10.2022, 11:59:34 - DEBUG - Getting Stays
12.10.2022, 11:59:37 - DEBUG - Getting Stays
12.10.2022, 11:59:37 - DEBUG - Getting Stays
12.10.2022, 11:59:38 - DEBUG - Getting Stays
12.10.2022, 11:59:46 - DEBUG - Getting Stays
12.10.2022, 11:59:46 - DEBUG - Getting Stays
12.10.2022, 11:59:46 - DEBUG - Getting Stays
12.10.2022, 11:59:47 - DEBUG - Getting Stays
12.10.2022, 11:59:57 - DEBUG - Getting Stays
12.10.2022, 12:00:12 - DEBUG - Getting Stays
12.10.2022, 12:00:13 - DEBUG - Getting Stays
12.10.2022, 12:00:29 - INFO - Server is running on port: 3030
12.10.2022, 12:00:35 - DEBUG - Getting Stays
12.10.2022, 12:00:48 - DEBUG - Getting Stays
12.10.2022, 12:00:50 - DEBUG - Getting Stays
12.10.2022, 12:00:51 - DEBUG - Getting Stays
12.10.2022, 12:00:51 - DEBUG - Getting Stays
12.10.2022, 12:00:55 - DEBUG - Getting Stays
12.10.2022, 12:00:55 - DEBUG - Getting Stays
12.10.2022, 12:00:56 - DEBUG - Getting Stays
12.10.2022, 12:01:45 - DEBUG - Getting Stays
12.10.2022, 12:02:42 - DEBUG - Getting Stays
12.10.2022, 12:03:01 - DEBUG - Getting Stays
12.10.2022, 12:03:24 - INFO - Server is running on port: 3030
12.10.2022, 12:03:25 - DEBUG - Getting Stays
12.10.2022, 12:03:48 - DEBUG - Getting Stays
12.10.2022, 12:04:27 - DEBUG - Getting Stays
12.10.2022, 12:04:42 - DEBUG - Getting Stays
12.10.2022, 12:04:55 - DEBUG - Getting Stays
12.10.2022, 12:05:21 - DEBUG - Getting Stays
12.10.2022, 12:07:30 - INFO - Server is running on port: 3030
12.10.2022, 12:07:37 - DEBUG - Getting Stays
12.10.2022, 12:07:37 - ERROR - Failed to get stays | {}
12.10.2022, 12:07:49 - INFO - Server is running on port: 3030
12.10.2022, 12:07:52 - DEBUG - Getting Stays
12.10.2022, 12:07:52 - ERROR - Failed to get stays | {}
12.10.2022, 12:08:17 - INFO - Server is running on port: 3030
12.10.2022, 12:08:18 - DEBUG - Getting Stays
12.10.2022, 12:08:20 - ERROR - Failed to get stays | {}
12.10.2022, 12:09:59 - INFO - Server is running on port: 3030
12.10.2022, 12:10:10 - INFO - Server is running on port: 3030
12.10.2022, 12:10:15 - DEBUG - Getting Stays
12.10.2022, 12:10:17 - ERROR - Failed to get stays | {}
12.10.2022, 12:10:24 - INFO - Server is running on port: 3030
12.10.2022, 12:10:26 - DEBUG - Getting Stays
12.10.2022, 12:11:20 - INFO - Server is running on port: 3030
12.10.2022, 12:11:24 - DEBUG - Getting Stays
12.10.2022, 12:11:26 - ERROR - Failed to get stays | {}
12.10.2022, 12:40:36 - DEBUG - Getting Stays
12.10.2022, 12:40:36 - ERROR - Failed to get stays | {}
12.10.2022, 12:40:48 - INFO - Server is running on port: 3030
12.10.2022, 12:40:49 - DEBUG - Getting Stays
12.10.2022, 12:40:51 - ERROR - Failed to get stays | {}
12.10.2022, 12:40:52 - DEBUG - Getting Stays
12.10.2022, 12:40:52 - ERROR - Failed to get stays | {}
12.10.2022, 12:40:52 - DEBUG - Getting Stays
12.10.2022, 12:40:52 - ERROR - Failed to get stays | {}
12.10.2022, 12:40:52 - DEBUG - Getting Stays
12.10.2022, 12:40:53 - ERROR - Failed to get stays | {}
12.10.2022, 12:41:00 - DEBUG - Getting Stays
12.10.2022, 12:41:00 - ERROR - Failed to get stays | {}
12.10.2022, 12:42:10 - DEBUG - Getting Stays
12.10.2022, 12:42:10 - ERROR - Failed to get stays | {}
12.10.2022, 12:42:19 - DEBUG - Getting Stays
12.10.2022, 12:42:19 - ERROR - Failed to get stays | {}
12.10.2022, 12:42:37 - INFO - Server is running on port: 3030
12.10.2022, 12:42:43 - DEBUG - Getting Stays
12.10.2022, 12:42:45 - ERROR - Failed to get stays | {}
12.10.2022, 12:43:00 - DEBUG - Getting Stays
12.10.2022, 12:43:00 - ERROR - Failed to get stays | {}
12.10.2022, 12:43:07 - DEBUG - Getting Stays
12.10.2022, 12:43:07 - ERROR - Failed to get stays | {}
12.10.2022, 12:43:14 - DEBUG - Getting Stays
12.10.2022, 12:43:14 - ERROR - Failed to get stays | {}
12.10.2022, 12:43:16 - DEBUG - Getting Stays
12.10.2022, 12:43:16 - ERROR - Failed to get stays | {}
12.10.2022, 12:43:27 - DEBUG - Getting Stays
12.10.2022, 12:43:47 - DEBUG - Getting Stays
12.10.2022, 12:43:47 - ERROR - Failed to get stays | {}
12.10.2022, 12:44:24 - DEBUG - Getting Stays
12.10.2022, 12:44:24 - ERROR - Failed to get stays | {}
12.10.2022, 12:45:10 - DEBUG - Getting Stays
12.10.2022, 12:45:10 - ERROR - Failed to get stays | {}
12.10.2022, 12:45:26 - DEBUG - Getting Stays
12.10.2022, 12:45:26 - ERROR - Failed to get stays | {}
12.10.2022, 12:45:29 - DEBUG - Getting Stays
12.10.2022, 12:45:29 - ERROR - Failed to get stays | {}
12.10.2022, 12:46:01 - INFO - Server is running on port: 3030
12.10.2022, 12:46:08 - INFO - Server is running on port: 3030
12.10.2022, 12:46:11 - DEBUG - Getting Stays
12.10.2022, 12:46:15 - INFO - Server is running on port: 3030
12.10.2022, 12:46:18 - DEBUG - Getting Stays
12.10.2022, 12:46:47 - DEBUG - Getting Stays
12.10.2022, 12:46:49 - DEBUG - Getting Stays
12.10.2022, 12:46:49 - DEBUG - Getting Stays
12.10.2022, 12:46:57 - DEBUG - Getting Stays
12.10.2022, 12:46:58 - DEBUG - Getting Stays
12.10.2022, 12:47:16 - DEBUG - Getting Stays
12.10.2022, 12:47:16 - DEBUG - Getting Stays
12.10.2022, 12:47:26 - DEBUG - Getting Stays
12.10.2022, 12:47:34 - DEBUG - Getting Stays
12.10.2022, 12:47:55 - DEBUG - Getting Stays
12.10.2022, 12:47:56 - DEBUG - Getting Stays
12.10.2022, 12:47:56 - DEBUG - Getting Stays
12.10.2022, 12:47:57 - DEBUG - Getting Stays
12.10.2022, 12:47:57 - DEBUG - Getting Stays
12.10.2022, 12:47:58 - DEBUG - Getting Stays
12.10.2022, 12:47:58 - DEBUG - Getting Stays
12.10.2022, 12:47:58 - DEBUG - Getting Stays
12.10.2022, 12:47:58 - DEBUG - Getting Stays
12.10.2022, 12:47:59 - DEBUG - Getting Stays
12.10.2022, 12:48:23 - DEBUG - Getting Stays
12.10.2022, 12:48:36 - DEBUG - Getting Stays
12.10.2022, 12:48:38 - DEBUG - Getting Stays
12.10.2022, 12:49:18 - INFO - Server is running on port: 3030
12.10.2022, 12:49:22 - DEBUG - Getting Stays
12.10.2022, 12:49:33 - INFO - Server is running on port: 3030
12.10.2022, 12:49:36 - DEBUG - Getting Stays
12.10.2022, 12:49:40 - DEBUG - Getting Stays
12.10.2022, 12:49:59 - DEBUG - Getting Stays
12.10.2022, 12:50:22 - DEBUG - Getting Stays
12.10.2022, 12:50:59 - DEBUG - Getting Stays
12.10.2022, 12:51:06 - DEBUG - Getting Stays
12.10.2022, 12:51:11 - DEBUG - Getting Stays
12.10.2022, 12:53:50 - DEBUG - Getting Stays
12.10.2022, 12:54:13 - DEBUG - Getting Stays
12.10.2022, 12:55:14 - DEBUG - Getting Stays
12.10.2022, 12:55:33 - DEBUG - Getting Stays
12.10.2022, 12:56:33 - DEBUG - Getting Stays
12.10.2022, 12:57:12 - DEBUG - Getting Stays
12.10.2022, 12:57:53 - DEBUG - Getting Stays
12.10.2022, 12:57:58 - DEBUG - Getting Stays
12.10.2022, 13:04:45 - DEBUG - Getting Stays
12.10.2022, 13:06:56 - DEBUG - Getting Stays
12.10.2022, 13:07:28 - ERROR - Failed to get stay | {}
12.10.2022, 13:08:04 - DEBUG - Getting Stays
12.10.2022, 13:08:09 - DEBUG - Getting Stays
12.10.2022, 13:10:53 - DEBUG - Getting Stays
12.10.2022, 13:11:09 - DEBUG - Getting Stays
12.10.2022, 13:13:05 - DEBUG - Getting Stays
12.10.2022, 13:19:26 - DEBUG - Getting Stays
12.10.2022, 14:01:39 - DEBUG - Getting Stays
12.10.2022, 14:01:52 - DEBUG - Getting Stays
12.10.2022, 14:14:36 - INFO - Server is running on port: 3030
12.10.2022, 14:14:43 - INFO - Server is running on port: 3030
12.10.2022, 14:14:49 - INFO - Server is running on port: 3030
12.10.2022, 14:14:59 - DEBUG - Getting Stays
12.10.2022, 14:15:01 - ERROR - Failed to get stays | {}
12.10.2022, 14:15:26 - INFO - Server is running on port: 3030
12.10.2022, 14:15:27 - DEBUG - Getting Stays
12.10.2022, 14:15:28 - ERROR - Failed to get stays | {}
12.10.2022, 14:15:33 - INFO - Server is running on port: 3030
12.10.2022, 14:15:34 - DEBUG - Getting Stays
12.10.2022, 14:15:35 - ERROR - Failed to get stays | {}
12.10.2022, 14:16:12 - INFO - Server is running on port: 3030
12.10.2022, 14:16:17 - DEBUG - Getting Stays
12.10.2022, 14:16:18 - ERROR - Failed to get stays | {}
12.10.2022, 14:16:26 - INFO - Server is running on port: 3030
12.10.2022, 14:24:02 - INFO - Server is running on port: 3030
12.10.2022, 14:24:05 - DEBUG - Getting Stays
12.10.2022, 14:24:07 - ERROR - Failed to get stays | {}
12.10.2022, 14:24:47 - INFO - Server is running on port: 3030
12.10.2022, 14:24:51 - INFO - Server is running on port: 3030
12.10.2022, 14:24:52 - DEBUG - Getting Stays
12.10.2022, 14:24:53 - ERROR - Failed to get stays | {}
12.10.2022, 14:28:30 - INFO - Server is running on port: 3030
12.10.2022, 14:28:34 - DEBUG - Getting Stays
12.10.2022, 14:28:37 - ERROR - Failed to get stays | {}
12.10.2022, 14:28:48 - INFO - Server is running on port: 3030
12.10.2022, 14:28:49 - DEBUG - Getting Stays
12.10.2022, 14:28:50 - ERROR - Failed to get stays | {}
12.10.2022, 14:28:55 - INFO - Server is running on port: 3030
12.10.2022, 14:28:58 - DEBUG - Getting Stays
12.10.2022, 14:28:59 - ERROR - Failed to get stays | {}
12.10.2022, 14:30:50 - INFO - Server is running on port: 3030
12.10.2022, 14:30:53 - DEBUG - Getting Stays
12.10.2022, 14:30:55 - ERROR - Failed to get stays | {}
12.10.2022, 14:40:50 - INFO - Server is running on port: 3030
12.10.2022, 14:40:53 - DEBUG - Getting Stays
12.10.2022, 14:40:55 - ERROR - Failed to get stays | {}
12.10.2022, 14:43:48 - INFO - Server is running on port: 3030
12.10.2022, 14:43:56 - INFO - Server is running on port: 3030
12.10.2022, 14:44:00 - DEBUG - Getting Stays
12.10.2022, 14:46:22 - DEBUG - Getting Stays
12.10.2022, 14:53:09 - INFO - Server is running on port: 3030
12.10.2022, 14:53:12 - DEBUG - Getting Stays
12.10.2022, 14:53:56 - DEBUG - Getting Stays
12.10.2022, 14:54:06 - DEBUG - Getting Stays
12.10.2022, 14:54:15 - DEBUG - Getting Stays
12.10.2022, 14:54:22 - DEBUG - Getting Stays
12.10.2022, 14:59:47 - INFO - Server is running on port: 3030
12.10.2022, 15:00:12 - INFO - Server is running on port: 3030
12.10.2022, 15:00:15 - DEBUG - Getting Stays
12.10.2022, 15:00:15 - ERROR - Failed to get stays | {}
12.10.2022, 15:00:46 - DEBUG - Getting Stays
12.10.2022, 15:00:46 - ERROR - Failed to get stays | {}
12.10.2022, 15:00:48 - DEBUG - Getting Stays
12.10.2022, 15:00:48 - ERROR - Failed to get stays | {}
12.10.2022, 15:01:04 - INFO - Server is running on port: 3030
12.10.2022, 15:13:08 - DEBUG - Getting Stays
12.10.2022, 15:13:08 - ERROR - Failed to get stays | {}
12.10.2022, 15:13:34 - DEBUG - Getting Stays
12.10.2022, 15:13:59 - DEBUG - Getting Stays
12.10.2022, 15:13:59 - ERROR - Failed to get stays | {}
12.10.2022, 15:14:59 - INFO - Server is running on port: 3030
12.10.2022, 15:15:07 - INFO - Server is running on port: 3030
12.10.2022, 15:15:10 - DEBUG - Getting Stays
12.10.2022, 15:15:10 - ERROR - Failed to get stays | {}
12.10.2022, 15:15:41 - INFO - Server is running on port: 3030
12.10.2022, 15:15:42 - DEBUG - Getting Stays
12.10.2022, 15:15:42 - ERROR - Failed to get stays | {}
12.10.2022, 15:16:30 - INFO - Server is running on port: 3030
12.10.2022, 15:16:33 - DEBUG - Getting Stays
12.10.2022, 15:18:05 - DEBUG - Getting Stays
12.10.2022, 15:18:06 - DEBUG - Getting Stays
12.10.2022, 15:18:23 - DEBUG - Getting Stays
12.10.2022, 15:19:03 - INFO - Server is running on port: 3030
12.10.2022, 15:19:04 - INFO - Server is running on port: 3030
12.10.2022, 15:19:06 - DEBUG - Getting Stays
12.10.2022, 15:19:17 - INFO - Server is running on port: 3030
12.10.2022, 15:19:36 - INFO - Server is running on port: 3030
12.10.2022, 15:19:38 - DEBUG - Getting Stays
12.10.2022, 15:19:55 - INFO - Server is running on port: 3030
12.10.2022, 15:19:58 - DEBUG - Getting Stays
12.10.2022, 15:20:32 - INFO - Server is running on port: 3030
12.10.2022, 15:20:44 - DEBUG - Getting Stays
12.10.2022, 15:24:13 - INFO - Server is running on port: 3030
12.10.2022, 15:24:20 - DEBUG - Getting Stays
12.10.2022, 15:30:24 - INFO - Server is running on port: 3030
12.10.2022, 15:30:27 - DEBUG - Getting Stays
12.10.2022, 15:30:39 - INFO - Server is running on port: 3030
12.10.2022, 15:30:41 - DEBUG - Getting Stays
12.10.2022, 15:31:13 - INFO - Server is running on port: 3030
12.10.2022, 16:37:26 - INFO - Server is running on port: 3030
12.10.2022, 16:48:12 - INFO - Server is running on port: 3030
12.10.2022, 16:53:15 - DEBUG - Getting Stays
12.10.2022, 16:59:10 - DEBUG - Getting Stays
12.10.2022, 17:01:18 - DEBUG - Getting Stays
12.10.2022, 17:02:43 - DEBUG - Getting Stays
12.10.2022, 17:04:09 - DEBUG - Getting Stays
12.10.2022, 17:04:44 - DEBUG - Getting Stays
12.10.2022, 17:05:38 - DEBUG - Getting Stays
12.10.2022, 17:08:09 - INFO - Server is running on port: 3030
12.10.2022, 17:08:10 - INFO - Server is running on port: 3030
12.10.2022, 17:08:17 - DEBUG - Getting Stays
12.10.2022, 17:08:30 - DEBUG - auth.service - login with username: 3805403
12.10.2022, 17:08:30 - INFO - User login:  | {"_id":"63457207f9672311767e7007","fullname":"Margaux","imgUrl":"https://robohash.org/3805403?set=set1","username":"3805403"}
12.10.2022, 17:09:04 - DEBUG - Getting Stays
12.10.2022, 17:10:30 - DEBUG - Getting Stays
12.10.2022, 17:10:46 - DEBUG - auth.service - login with username: 3805403
12.10.2022, 17:10:46 - INFO - User login:  | {"_id":"63457207f9672311767e7007","fullname":"Margaux","imgUrl":"https://robohash.org/3805403?set=set1","username":"3805403"}
12.10.2022, 17:12:26 - DEBUG - Getting Stays
12.10.2022, 17:17:51 - DEBUG - Getting Stays
12.10.2022, 17:17:58 - DEBUG - Getting Stays
12.10.2022, 17:18:05 - DEBUG - Getting Stays
12.10.2022, 17:19:25 - DEBUG - Getting Stays
12.10.2022, 17:19:37 - DEBUG - Getting Stays
12.10.2022, 17:22:45 - DEBUG - Getting Stays
12.10.2022, 17:27:00 - DEBUG - Getting Stays
12.10.2022, 17:27:06 - DEBUG - Getting Stays
12.10.2022, 17:27:23 - DEBUG - Getting Stays
12.10.2022, 17:27:50 - DEBUG - Getting Orders
12.10.2022, 17:28:39 - DEBUG - Getting Orders
12.10.2022, 17:28:44 - DEBUG - Getting Orders
12.10.2022, 17:31:56 - DEBUG - Getting Orders
12.10.2022, 17:39:35 - DEBUG - Getting Orders
12.10.2022, 17:49:53 - DEBUG - Getting Stays
12.10.2022, 17:50:23 - DEBUG - auth.service - login with username: 59985
12.10.2022, 17:50:24 - INFO - User login:  | {"_id":"63457207f9672311767e7006","fullname":"Leo","imgUrl":"https://robohash.org/59985?set=set1","username":"59985"}
12.10.2022, 17:50:30 - DEBUG - Getting Orders
12.10.2022, 17:51:01 - DEBUG - Getting Stays
12.10.2022, 17:51:06 - DEBUG - Getting Orders
12.10.2022, 17:52:30 - DEBUG - Getting Orders
12.10.2022, 17:53:11 - DEBUG - Getting Orders
12.10.2022, 17:53:35 - DEBUG - Getting Orders
12.10.2022, 17:54:30 - DEBUG - Getting Stays
12.10.2022, 17:54:43 - DEBUG - Getting Orders
12.10.2022, 17:54:44 - DEBUG - Getting Orders
12.10.2022, 17:54:44 - DEBUG - Getting Orders
12.10.2022, 17:54:44 - DEBUG - Getting Orders
12.10.2022, 17:54:44 - DEBUG - Getting Orders
12.10.2022, 17:54:44 - DEBUG - Getting Orders
12.10.2022, 17:54:44 - DEBUG - Getting Orders
12.10.2022, 17:54:44 - DEBUG - Getting Orders
12.10.2022, 17:54:44 - DEBUG - Getting Orders
12.10.2022, 17:54:44 - DEBUG - Getting Orders
12.10.2022, 17:54:45 - DEBUG - Getting Orders
12.10.2022, 17:54:46 - DEBUG - Getting Orders
12.10.2022, 17:54:46 - DEBUG - Getting Orders
12.10.2022, 17:54:46 - DEBUG - Getting Orders
12.10.2022, 17:54:58 - DEBUG - Getting Orders
12.10.2022, 17:54:58 - DEBUG - Getting Orders
12.10.2022, 17:54:58 - DEBUG - Getting Orders
12.10.2022, 17:54:58 - DEBUG - Getting Orders
12.10.2022, 17:57:59 - INFO - Server is running on port: 3030
12.10.2022, 17:58:05 - INFO - Server is running on port: 3030
12.10.2022, 17:58:10 - INFO - Server is running on port: 3030
12.10.2022, 17:58:15 - DEBUG - Getting Stays
12.10.2022, 17:58:20 - ERROR - Failed to get stays | {}
12.10.2022, 17:58:21 - DEBUG - Getting Stays
12.10.2022, 17:58:26 - ERROR - Failed to get stays | {}
12.10.2022, 17:58:40 - DEBUG - Getting Stays
12.10.2022, 17:58:44 - ERROR - Failed to get stays | {}
12.10.2022, 18:00:03 - DEBUG - Getting Stays
12.10.2022, 18:00:06 - ERROR - Failed to get stays | {}
12.10.2022, 18:00:18 - DEBUG - Getting Stays
12.10.2022, 18:00:20 - ERROR - Failed to get stays | {}
12.10.2022, 18:01:06 - INFO - Server is running on port: 3030
12.10.2022, 18:01:12 - DEBUG - Getting Stays
12.10.2022, 18:02:01 - INFO - Server is running on port: 3030
12.10.2022, 18:02:06 - DEBUG - Getting Stays
12.10.2022, 18:02:13 - ERROR - Failed to get stays | {}
12.10.2022, 18:02:15 - INFO - Server is running on port: 3030
12.10.2022, 18:02:19 - DEBUG - Getting Stays
12.10.2022, 18:03:49 - INFO - Server is running on port: 3030
12.10.2022, 18:05:22 - DEBUG - Getting Stays
12.10.2022, 18:05:29 - DEBUG - Getting Stays
12.10.2022, 18:05:33 - DEBUG - Getting Orders
12.10.2022, 18:05:33 - DEBUG - Getting Orders
12.10.2022, 18:05:37 - DEBUG - Getting Stays
12.10.2022, 18:05:40 - DEBUG - Getting Orders
12.10.2022, 18:05:40 - DEBUG - Getting Orders
12.10.2022, 18:05:53 - DEBUG - Getting Stays
12.10.2022, 18:05:58 - DEBUG - Getting Orders
12.10.2022, 18:05:58 - DEBUG - Getting Orders
12.10.2022, 18:06:04 - DEBUG - Getting Stays
12.10.2022, 18:06:08 - DEBUG - Getting Orders
12.10.2022, 18:06:08 - DEBUG - Getting Orders
12.10.2022, 18:06:11 - DEBUG - Getting Stays
12.10.2022, 18:06:20 - DEBUG - Getting Orders
12.10.2022, 18:06:20 - DEBUG - Getting Orders
12.10.2022, 18:06:22 - DEBUG - Getting Stays
12.10.2022, 18:07:11 - DEBUG - Getting Stays
12.10.2022, 18:07:16 - DEBUG - Getting Stays
12.10.2022, 18:07:34 - DEBUG - Getting Orders
12.10.2022, 18:07:34 - DEBUG - Getting Orders
12.10.2022, 18:07:36 - DEBUG - Getting Stays
12.10.2022, 18:07:39 - DEBUG - Getting Orders
12.10.2022, 18:07:39 - DEBUG - Getting Orders
12.10.2022, 18:07:40 - DEBUG - Getting Stays
12.10.2022, 18:09:03 - INFO - Server is running on port: 3030
12.10.2022, 18:09:35 - INFO - Server is running on port: 3030
12.10.2022, 18:09:44 - DEBUG - Getting Stays
12.10.2022, 18:10:07 - DEBUG - Getting Orders
12.10.2022, 18:10:07 - DEBUG - Getting Orders
12.10.2022, 18:10:11 - DEBUG - Getting Stays
12.10.2022, 18:12:06 - INFO - Server is running on port: 3030
12.10.2022, 18:12:09 - INFO - Server is running on port: 3030
12.10.2022, 18:13:15 - INFO - Server is running on port: 3030
12.10.2022, 18:14:19 - INFO - Server is running on port: 3030
12.10.2022, 18:14:27 - DEBUG - Getting Stays
12.10.2022, 18:14:36 - ERROR - Failed to get stays | {}
12.10.2022, 18:14:55 - INFO - Server is running on port: 3030
12.10.2022, 18:14:59 - DEBUG - Getting Stays
12.10.2022, 18:15:05 - ERROR - Failed to get stays | {}
12.10.2022, 18:15:07 - INFO - Server is running on port: 3030
12.10.2022, 18:15:12 - DEBUG - Getting Stays
12.10.2022, 18:15:27 - INFO - Server is running on port: 3030
12.10.2022, 18:15:31 - DEBUG - Getting Stays
12.10.2022, 18:15:36 - INFO - Server is running on port: 3030
12.10.2022, 18:15:40 - DEBUG - Getting Stays
12.10.2022, 18:15:47 - INFO - Server is running on port: 3030
12.10.2022, 18:15:49 - DEBUG - Getting Stays
12.10.2022, 18:15:53 - INFO - Server is running on port: 3030
12.10.2022, 18:15:56 - DEBUG - Getting Stays
12.10.2022, 18:16:08 - INFO - Server is running on port: 3030
12.10.2022, 18:16:11 - DEBUG - Getting Stays
12.10.2022, 18:16:22 - INFO - Server is running on port: 3030
12.10.2022, 18:16:27 - DEBUG - Getting Stays
12.10.2022, 18:16:41 - INFO - Server is running on port: 3030
12.10.2022, 18:16:46 - DEBUG - Getting Stays
12.10.2022, 18:16:54 - INFO - Server is running on port: 3030
12.10.2022, 18:17:02 - DEBUG - Getting Stays
12.10.2022, 18:17:11 - DEBUG - Getting Stays
12.10.2022, 18:17:16 - INFO - Server is running on port: 3030
12.10.2022, 18:17:20 - DEBUG - Getting Stays
12.10.2022, 18:17:37 - INFO - Server is running on port: 3030
12.10.2022, 18:18:06 - DEBUG - Getting Orders
12.10.2022, 18:18:06 - DEBUG - Getting Orders
12.10.2022, 18:18:09 - DEBUG - Getting Stays
12.10.2022, 18:18:14 - DEBUG - Getting Orders
12.10.2022, 18:18:14 - DEBUG - Getting Orders
12.10.2022, 18:18:14 - DEBUG - Getting Orders
12.10.2022, 18:18:15 - DEBUG - Getting Orders
12.10.2022, 18:18:16 - DEBUG - Getting Stays
12.10.2022, 18:18:26 - DEBUG - Getting Stays
12.10.2022, 18:18:59 - INFO - Server is running on port: 3030
12.10.2022, 18:19:04 - DEBUG - Getting Stays
12.10.2022, 18:19:30 - INFO - Server is running on port: 3030
12.10.2022, 18:19:31 - INFO - Server is running on port: 3030
12.10.2022, 18:19:35 - DEBUG - Getting Stays
12.10.2022, 18:20:11 - INFO - Server is running on port: 3030
12.10.2022, 18:20:14 - DEBUG - Getting Stays
12.10.2022, 18:21:01 - INFO - Server is running on port: 3030
12.10.2022, 18:21:08 - INFO - Server is running on port: 3030
12.10.2022, 18:21:12 - DEBUG - Getting Stays
12.10.2022, 18:21:20 - ERROR - Failed to get stays | {}
12.10.2022, 18:22:19 - INFO - Server is running on port: 3030
12.10.2022, 18:22:24 - DEBUG - Getting Stays
12.10.2022, 18:22:32 - ERROR - Failed to get stays | {}
12.10.2022, 18:23:08 - INFO - Server is running on port: 3030
12.10.2022, 18:23:12 - DEBUG - Getting Stays
12.10.2022, 18:23:20 - ERROR - Failed to get stays | {}
12.10.2022, 18:23:57 - INFO - Server is running on port: 3030
12.10.2022, 18:24:00 - DEBUG - Getting Stays
12.10.2022, 18:24:11 - ERROR - Failed to get stays | {}
12.10.2022, 18:24:55 - INFO - Server is running on port: 3030
12.10.2022, 18:25:04 - INFO - Server is running on port: 3030
12.10.2022, 18:25:11 - DEBUG - Getting Stays
12.10.2022, 18:25:20 - ERROR - Failed to get stays | {}
12.10.2022, 18:25:40 - INFO - Server is running on port: 3030
12.10.2022, 18:25:44 - DEBUG - Getting Stays
12.10.2022, 18:25:56 - DEBUG - Getting Stays
12.10.2022, 18:26:49 - DEBUG - Getting Stays
12.10.2022, 18:26:51 - DEBUG - Getting Stays
12.10.2022, 18:26:52 - DEBUG - Getting Stays
12.10.2022, 18:26:52 - DEBUG - Getting Stays
12.10.2022, 18:26:58 - DEBUG - Getting Orders
12.10.2022, 18:26:58 - DEBUG - Getting Orders
12.10.2022, 18:26:58 - DEBUG - Getting Orders
12.10.2022, 18:26:58 - DEBUG - Getting Orders
12.10.2022, 18:27:02 - DEBUG - Getting Orders
12.10.2022, 18:27:02 - DEBUG - Getting Orders
12.10.2022, 18:27:04 - DEBUG - Getting Orders
12.10.2022, 18:27:04 - DEBUG - Getting Orders
12.10.2022, 18:27:04 - DEBUG - Getting Orders
12.10.2022, 18:27:04 - DEBUG - Getting Orders
12.10.2022, 18:27:07 - DEBUG - Getting Orders
12.10.2022, 18:27:08 - DEBUG - Getting Orders
12.10.2022, 18:27:08 - DEBUG - Getting Orders
12.10.2022, 18:27:08 - DEBUG - Getting Orders
12.10.2022, 18:27:08 - DEBUG - Getting Orders
12.10.2022, 18:27:08 - DEBUG - Getting Orders
12.10.2022, 18:27:08 - DEBUG - Getting Orders
12.10.2022, 18:27:08 - DEBUG - Getting Orders
12.10.2022, 18:27:08 - DEBUG - Getting Orders
12.10.2022, 18:27:08 - DEBUG - Getting Orders
12.10.2022, 18:27:09 - DEBUG - Getting Orders
12.10.2022, 18:27:09 - DEBUG - Getting Orders
12.10.2022, 18:27:09 - DEBUG - Getting Orders
12.10.2022, 18:27:09 - DEBUG - Getting Orders
12.10.2022, 18:28:31 - DEBUG - Getting Stays
12.10.2022, 18:28:44 - DEBUG - Getting Orders
12.10.2022, 18:28:44 - DEBUG - Getting Orders
12.10.2022, 18:28:47 - DEBUG - Getting Orders
12.10.2022, 18:28:47 - DEBUG - Getting Orders
12.10.2022, 18:28:49 - DEBUG - Getting Orders
12.10.2022, 18:28:50 - DEBUG - Getting Orders
12.10.2022, 18:28:50 - DEBUG - Getting Orders
12.10.2022, 18:28:50 - DEBUG - Getting Orders
12.10.2022, 18:28:50 - DEBUG - Getting Orders
12.10.2022, 18:28:50 - DEBUG - Getting Orders
12.10.2022, 18:28:50 - DEBUG - Getting Orders
12.10.2022, 18:28:50 - DEBUG - Getting Orders
12.10.2022, 18:28:50 - DEBUG - Getting Orders
12.10.2022, 18:28:50 - DEBUG - Getting Orders
12.10.2022, 18:30:03 - DEBUG - Getting Orders
12.10.2022, 18:30:03 - DEBUG - Getting Orders
12.10.2022, 18:30:03 - DEBUG - Getting Orders
12.10.2022, 18:30:03 - DEBUG - Getting Orders
12.10.2022, 18:30:43 - DEBUG - Getting Stays
12.10.2022, 18:30:53 - DEBUG - Getting Stays
12.10.2022, 18:31:11 - DEBUG - Getting Orders
12.10.2022, 18:31:11 - DEBUG - Getting Orders
12.10.2022, 18:31:13 - DEBUG - Getting Orders
12.10.2022, 18:31:13 - DEBUG - Getting Orders
12.10.2022, 18:31:18 - DEBUG - Getting Orders
12.10.2022, 18:31:18 - DEBUG - Getting Orders
12.10.2022, 18:31:18 - DEBUG - Getting Orders
12.10.2022, 18:31:18 - DEBUG - Getting Orders
12.10.2022, 18:31:18 - DEBUG - Getting Orders
12.10.2022, 18:31:18 - DEBUG - Getting Orders
12.10.2022, 18:31:18 - DEBUG - Getting Orders
12.10.2022, 18:31:19 - DEBUG - Getting Orders
12.10.2022, 18:31:19 - DEBUG - Getting Orders
12.10.2022, 18:31:19 - DEBUG - Getting Orders
12.10.2022, 18:35:06 - DEBUG - Getting Stays
12.10.2022, 18:35:36 - DEBUG - Getting Orders
12.10.2022, 18:35:37 - DEBUG - Getting Orders
12.10.2022, 18:35:39 - DEBUG - Getting Orders
12.10.2022, 18:35:39 - DEBUG - Getting Orders
12.10.2022, 18:35:44 - DEBUG - Getting Orders
12.10.2022, 18:35:44 - DEBUG - Getting Orders
12.10.2022, 18:35:45 - DEBUG - Getting Orders
12.10.2022, 18:35:45 - DEBUG - Getting Orders
12.10.2022, 18:35:45 - DEBUG - Getting Orders
12.10.2022, 18:35:45 - DEBUG - Getting Orders
12.10.2022, 18:35:46 - DEBUG - Getting Orders
12.10.2022, 18:35:46 - DEBUG - Getting Orders
12.10.2022, 18:35:46 - DEBUG - Getting Orders
12.10.2022, 18:35:46 - DEBUG - Getting Orders
12.10.2022, 18:35:46 - DEBUG - Getting Orders
12.10.2022, 18:35:46 - DEBUG - Getting Orders
12.10.2022, 18:36:47 - INFO - Server is running on port: 3030
12.10.2022, 18:37:02 - DEBUG - Getting Stays
12.10.2022, 18:37:27 - DEBUG - Getting Orders
12.10.2022, 18:37:27 - DEBUG - Getting Orders
12.10.2022, 18:37:30 - DEBUG - Getting Orders
12.10.2022, 18:37:30 - DEBUG - Getting Orders
12.10.2022, 18:37:32 - DEBUG - Getting Orders
12.10.2022, 18:37:32 - DEBUG - Getting Orders
12.10.2022, 18:37:32 - DEBUG - Getting Orders
12.10.2022, 18:37:32 - DEBUG - Getting Orders
12.10.2022, 18:37:32 - DEBUG - Getting Orders
12.10.2022, 18:37:32 - DEBUG - Getting Orders
12.10.2022, 18:37:32 - DEBUG - Getting Orders
12.10.2022, 18:37:32 - DEBUG - Getting Orders
12.10.2022, 18:37:32 - DEBUG - Getting Orders
12.10.2022, 18:37:32 - DEBUG - Getting Orders
12.10.2022, 18:41:55 - DEBUG - Getting Orders
12.10.2022, 18:41:55 - DEBUG - Getting Orders
12.10.2022, 18:41:55 - DEBUG - Getting Orders
12.10.2022, 18:41:55 - DEBUG - Getting Orders
12.10.2022, 18:41:59 - DEBUG - Getting Orders
12.10.2022, 18:41:59 - DEBUG - Getting Orders
12.10.2022, 18:41:59 - DEBUG - Getting Orders
12.10.2022, 18:41:59 - DEBUG - Getting Orders
12.10.2022, 18:42:17 - DEBUG - Getting Stays
12.10.2022, 18:42:32 - DEBUG - Getting Orders
12.10.2022, 18:42:32 - DEBUG - Getting Orders
12.10.2022, 18:42:34 - DEBUG - Getting Orders
12.10.2022, 18:42:34 - DEBUG - Getting Orders
12.10.2022, 18:42:37 - DEBUG - Getting Orders
12.10.2022, 18:42:37 - DEBUG - Getting Orders
12.10.2022, 18:42:37 - DEBUG - Getting Orders
12.10.2022, 18:42:37 - DEBUG - Getting Orders
12.10.2022, 18:42:37 - DEBUG - Getting Orders
12.10.2022, 18:42:37 - DEBUG - Getting Orders
12.10.2022, 18:42:37 - DEBUG - Getting Orders
12.10.2022, 18:42:38 - DEBUG - Getting Orders
12.10.2022, 18:42:38 - DEBUG - Getting Orders
12.10.2022, 18:42:38 - DEBUG - Getting Orders
12.10.2022, 18:43:04 - DEBUG - Getting Orders
12.10.2022, 18:43:04 - DEBUG - Getting Orders
12.10.2022, 18:43:04 - DEBUG - Getting Orders
12.10.2022, 18:43:04 - DEBUG - Getting Orders
12.10.2022, 18:43:38 - DEBUG - Getting Stays
12.10.2022, 18:43:53 - DEBUG - Getting Orders
12.10.2022, 18:43:53 - DEBUG - Getting Orders
12.10.2022, 18:43:54 - DEBUG - Getting Orders
12.10.2022, 18:43:55 - DEBUG - Getting Orders
12.10.2022, 18:43:57 - DEBUG - Getting Orders
12.10.2022, 18:43:57 - DEBUG - Getting Orders
12.10.2022, 18:43:57 - DEBUG - Getting Orders
12.10.2022, 18:43:57 - DEBUG - Getting Orders
12.10.2022, 18:43:57 - DEBUG - Getting Orders
12.10.2022, 18:43:57 - DEBUG - Getting Orders
12.10.2022, 18:43:57 - DEBUG - Getting Orders
12.10.2022, 18:43:57 - DEBUG - Getting Orders
12.10.2022, 18:43:57 - DEBUG - Getting Orders
12.10.2022, 18:43:57 - DEBUG - Getting Orders
12.10.2022, 18:46:21 - INFO - Server is running on port: 3030
12.10.2022, 18:46:47 - DEBUG - Getting Orders
12.10.2022, 18:46:48 - DEBUG - Getting Orders
12.10.2022, 18:46:48 - DEBUG - Getting Orders
12.10.2022, 18:46:48 - DEBUG - Getting Orders
12.10.2022, 18:47:03 - DEBUG - Getting Stays
12.10.2022, 18:47:12 - DEBUG - Getting Orders
12.10.2022, 18:47:12 - DEBUG - Getting Orders
12.10.2022, 18:47:14 - DEBUG - Getting Orders
12.10.2022, 18:47:14 - DEBUG - Getting Orders
12.10.2022, 18:47:16 - DEBUG - Getting Orders
12.10.2022, 18:47:17 - DEBUG - Getting Orders
12.10.2022, 18:47:17 - DEBUG - Getting Orders
12.10.2022, 18:47:17 - DEBUG - Getting Orders
12.10.2022, 18:47:17 - DEBUG - Getting Orders
12.10.2022, 18:47:17 - DEBUG - Getting Orders
12.10.2022, 18:47:17 - DEBUG - Getting Orders
12.10.2022, 18:47:17 - DEBUG - Getting Orders
12.10.2022, 18:47:17 - DEBUG - Getting Orders
12.10.2022, 18:47:17 - DEBUG - Getting Orders
12.10.2022, 18:47:58 - DEBUG - Getting Orders
12.10.2022, 18:53:54 - DEBUG - Getting Stays
12.10.2022, 18:54:05 - DEBUG - Getting Orders
12.10.2022, 18:54:05 - DEBUG - Getting Orders
12.10.2022, 18:54:07 - DEBUG - Getting Orders
12.10.2022, 18:54:07 - DEBUG - Getting Orders
12.10.2022, 18:54:09 - DEBUG - Getting Orders
12.10.2022, 18:54:09 - DEBUG - Getting Orders
12.10.2022, 18:54:09 - DEBUG - Getting Orders
12.10.2022, 18:54:09 - DEBUG - Getting Orders
12.10.2022, 18:54:09 - DEBUG - Getting Orders
12.10.2022, 18:54:10 - DEBUG - Getting Orders
12.10.2022, 18:54:10 - DEBUG - Getting Orders
12.10.2022, 18:54:10 - DEBUG - Getting Orders
12.10.2022, 18:54:10 - DEBUG - Getting Orders
12.10.2022, 18:54:10 - DEBUG - Getting Orders
12.10.2022, 18:55:13 - DEBUG - Getting Orders
12.10.2022, 18:55:13 - DEBUG - Getting Orders
12.10.2022, 18:55:13 - DEBUG - Getting Orders
12.10.2022, 18:55:13 - DEBUG - Getting Orders
12.10.2022, 18:55:29 - DEBUG - Getting Stays
12.10.2022, 18:55:43 - DEBUG - Getting Orders
12.10.2022, 18:55:43 - DEBUG - Getting Orders
12.10.2022, 18:55:44 - DEBUG - Getting Orders
12.10.2022, 18:55:45 - DEBUG - Getting Orders
12.10.2022, 18:55:49 - DEBUG - Getting Orders
12.10.2022, 18:55:49 - DEBUG - Getting Orders
12.10.2022, 18:55:49 - DEBUG - Getting Orders
12.10.2022, 18:55:49 - DEBUG - Getting Orders
12.10.2022, 18:55:50 - DEBUG - Getting Orders
12.10.2022, 18:55:50 - DEBUG - Getting Orders
12.10.2022, 18:55:50 - DEBUG - Getting Orders
12.10.2022, 18:55:50 - DEBUG - Getting Orders
12.10.2022, 18:55:50 - DEBUG - Getting Orders
12.10.2022, 18:55:50 - DEBUG - Getting Orders
12.10.2022, 19:01:16 - DEBUG - Getting Stays
12.10.2022, 19:01:42 - DEBUG - Getting Orders
12.10.2022, 19:01:42 - DEBUG - Getting Orders
12.10.2022, 19:01:43 - DEBUG - Getting Orders
12.10.2022, 19:01:44 - DEBUG - Getting Orders
12.10.2022, 19:01:46 - DEBUG - Getting Orders
12.10.2022, 19:01:46 - DEBUG - Getting Orders
12.10.2022, 19:01:46 - DEBUG - Getting Orders
12.10.2022, 19:01:46 - DEBUG - Getting Orders
12.10.2022, 19:01:47 - DEBUG - Getting Orders
12.10.2022, 19:01:47 - DEBUG - Getting Orders
12.10.2022, 19:01:47 - DEBUG - Getting Orders
12.10.2022, 19:01:47 - DEBUG - Getting Orders
12.10.2022, 19:01:47 - DEBUG - Getting Orders
12.10.2022, 19:01:47 - DEBUG - Getting Orders
12.10.2022, 19:01:59 - DEBUG - Getting Orders
12.10.2022, 19:01:59 - DEBUG - Getting Orders
12.10.2022, 19:02:05 - DEBUG - Getting Orders
12.10.2022, 19:02:06 - DEBUG - Getting Orders
12.10.2022, 19:02:37 - DEBUG - Getting Orders
12.10.2022, 19:02:37 - DEBUG - Getting Orders
12.10.2022, 19:04:17 - DEBUG - Getting Orders
12.10.2022, 19:04:17 - DEBUG - Getting Orders
12.10.2022, 19:04:17 - DEBUG - Getting Orders
12.10.2022, 19:04:17 - DEBUG - Getting Orders
12.10.2022, 19:04:19 - DEBUG - Getting Orders
12.10.2022, 19:04:19 - DEBUG - Getting Orders
12.10.2022, 19:04:19 - DEBUG - Getting Orders
12.10.2022, 19:04:19 - DEBUG - Getting Orders
12.10.2022, 19:04:28 - DEBUG - Getting Orders
12.10.2022, 19:04:28 - DEBUG - Getting Orders
12.10.2022, 19:04:30 - DEBUG - Getting Stays
12.10.2022, 19:04:48 - DEBUG - Getting Orders
12.10.2022, 19:04:48 - DEBUG - Getting Orders
12.10.2022, 19:05:40 - DEBUG - Getting Orders
12.10.2022, 19:05:40 - DEBUG - Getting Orders
12.10.2022, 19:05:40 - DEBUG - Getting Orders
12.10.2022, 19:05:40 - DEBUG - Getting Orders
12.10.2022, 19:05:51 - DEBUG - Getting Orders
12.10.2022, 19:05:51 - DEBUG - Getting Orders
12.10.2022, 19:06:46 - DEBUG - Getting Stays
12.10.2022, 19:06:50 - DEBUG - Getting Stays
12.10.2022, 19:07:12 - DEBUG - auth.service - login with username: 59985
12.10.2022, 19:07:13 - INFO - User login:  | {"_id":"63457207f9672311767e7006","fullname":"Leo","imgUrl":"https://robohash.org/59985?set=set1","username":"59985"}
12.10.2022, 19:07:18 - DEBUG - Getting Orders
12.10.2022, 19:07:18 - DEBUG - Getting Orders
12.10.2022, 19:07:18 - DEBUG - Getting Orders
12.10.2022, 19:07:18 - DEBUG - Getting Orders
12.10.2022, 19:07:19 - DEBUG - Getting Orders
12.10.2022, 19:07:19 - DEBUG - Getting Orders
12.10.2022, 19:07:19 - DEBUG - Getting Orders
12.10.2022, 19:07:19 - DEBUG - Getting Orders
12.10.2022, 19:07:19 - DEBUG - Getting Orders
12.10.2022, 19:07:19 - DEBUG - Getting Orders
12.10.2022, 19:07:28 - DEBUG - Getting Orders
12.10.2022, 19:07:28 - DEBUG - Getting Orders
12.10.2022, 19:07:28 - DEBUG - Getting Orders
12.10.2022, 19:07:28 - DEBUG - Getting Orders
12.10.2022, 19:08:03 - DEBUG - Getting Stays
12.10.2022, 19:08:16 - DEBUG - Getting Orders
12.10.2022, 19:08:17 - DEBUG - Getting Orders
12.10.2022, 19:08:17 - DEBUG - Getting Orders
12.10.2022, 19:08:17 - DEBUG - Getting Orders
12.10.2022, 19:08:17 - DEBUG - Getting Orders
12.10.2022, 19:08:17 - DEBUG - Getting Orders
12.10.2022, 19:08:17 - DEBUG - Getting Orders
12.10.2022, 19:08:17 - DEBUG - Getting Orders
12.10.2022, 19:08:17 - DEBUG - Getting Orders
12.10.2022, 19:08:18 - DEBUG - Getting Orders
12.10.2022, 19:08:22 - DEBUG - Getting Orders
12.10.2022, 19:08:22 - DEBUG - Getting Orders
12.10.2022, 19:08:22 - DEBUG - Getting Orders
12.10.2022, 19:08:22 - DEBUG - Getting Orders
12.10.2022, 19:11:58 - INFO - Server is running on port: 3030
12.10.2022, 19:12:36 - DEBUG - Getting Stays
12.10.2022, 19:12:57 - DEBUG - Getting Orders
12.10.2022, 19:12:57 - DEBUG - Getting Orders
12.10.2022, 19:12:57 - DEBUG - Getting Orders
12.10.2022, 19:12:58 - DEBUG - Getting Orders
12.10.2022, 19:12:58 - DEBUG - Getting Orders
12.10.2022, 19:12:58 - DEBUG - Getting Orders
12.10.2022, 19:12:58 - DEBUG - Getting Orders
12.10.2022, 19:12:58 - DEBUG - Getting Orders
12.10.2022, 19:12:58 - DEBUG - Getting Orders
12.10.2022, 19:12:58 - DEBUG - Getting Orders
12.10.2022, 19:13:02 - DEBUG - Getting Orders
12.10.2022, 19:13:03 - DEBUG - Getting Orders
12.10.2022, 19:13:03 - DEBUG - Getting Orders
12.10.2022, 19:13:03 - DEBUG - Getting Orders
12.10.2022, 19:14:18 - INFO - Server is running on port: 3030
12.10.2022, 19:14:23 - INFO - Server is running on port: 3030
12.10.2022, 19:14:33 - DEBUG - Getting Stays
12.10.2022, 19:14:56 - DEBUG - Getting Orders
12.10.2022, 19:14:57 - DEBUG - Getting Orders
12.10.2022, 19:14:57 - DEBUG - Getting Orders
12.10.2022, 19:14:57 - DEBUG - Getting Orders
12.10.2022, 19:14:57 - DEBUG - Getting Orders
12.10.2022, 19:14:57 - DEBUG - Getting Orders
12.10.2022, 19:14:57 - DEBUG - Getting Orders
12.10.2022, 19:14:57 - DEBUG - Getting Orders
12.10.2022, 19:14:58 - DEBUG - Getting Orders
12.10.2022, 19:14:58 - DEBUG - Getting Orders
12.10.2022, 19:15:03 - DEBUG - Getting Orders
12.10.2022, 19:15:04 - DEBUG - Getting Orders
12.10.2022, 19:15:04 - DEBUG - Getting Orders
12.10.2022, 19:15:04 - DEBUG - Getting Orders
12.10.2022, 19:16:04 - INFO - Server is running on port: 3030
12.10.2022, 19:16:05 - INFO - Server is running on port: 3030
12.10.2022, 19:16:30 - DEBUG - Getting Stays
12.10.2022, 19:16:58 - DEBUG - Getting Orders
12.10.2022, 19:16:58 - DEBUG - Getting Orders
12.10.2022, 19:16:59 - DEBUG - Getting Orders
12.10.2022, 19:16:59 - DEBUG - Getting Orders
12.10.2022, 19:16:59 - DEBUG - Getting Orders
12.10.2022, 19:16:59 - DEBUG - Getting Orders
12.10.2022, 19:16:59 - DEBUG - Getting Orders
12.10.2022, 19:16:59 - DEBUG - Getting Orders
12.10.2022, 19:17:00 - DEBUG - Getting Orders
12.10.2022, 19:17:00 - DEBUG - Getting Orders
12.10.2022, 19:17:10 - DEBUG - Getting Orders
12.10.2022, 19:17:11 - DEBUG - Getting Orders
12.10.2022, 19:17:11 - DEBUG - Getting Orders
12.10.2022, 19:17:11 - DEBUG - Getting Orders
12.10.2022, 19:17:27 - INFO - Server is running on port: 3030
12.10.2022, 19:17:31 - INFO - Server is running on port: 3030
12.10.2022, 19:17:33 - INFO - Server is running on port: 3030
12.10.2022, 19:17:41 - INFO - Server is running on port: 3030
12.10.2022, 19:18:00 - DEBUG - Getting Stays
12.10.2022, 19:18:24 - DEBUG - Getting Orders
12.10.2022, 19:18:24 - DEBUG - Getting Orders
12.10.2022, 19:18:24 - DEBUG - Getting Orders
12.10.2022, 19:18:25 - DEBUG - Getting Orders
12.10.2022, 19:18:25 - DEBUG - Getting Orders
12.10.2022, 19:18:25 - DEBUG - Getting Orders
12.10.2022, 19:18:25 - DEBUG - Getting Orders
12.10.2022, 19:18:25 - DEBUG - Getting Orders
12.10.2022, 19:18:25 - DEBUG - Getting Orders
12.10.2022, 19:18:25 - DEBUG - Getting Orders
12.10.2022, 19:18:33 - DEBUG - Getting Orders
12.10.2022, 19:18:33 - DEBUG - Getting Orders
12.10.2022, 19:18:33 - DEBUG - Getting Orders
12.10.2022, 19:18:33 - DEBUG - Getting Orders
12.10.2022, 19:18:33 - DEBUG - Getting Orders
12.10.2022, 19:18:33 - DEBUG - Getting Orders
12.10.2022, 19:32:55 - DEBUG - Getting Orders
12.10.2022, 19:32:55 - DEBUG - Getting Orders
12.10.2022, 19:32:55 - DEBUG - Getting Orders
12.10.2022, 19:32:55 - DEBUG - Getting Orders
12.10.2022, 19:33:00 - DEBUG - Getting Orders
12.10.2022, 19:33:00 - DEBUG - Getting Orders
12.10.2022, 19:33:00 - DEBUG - Getting Orders
12.10.2022, 19:33:00 - DEBUG - Getting Orders
12.10.2022, 19:33:10 - DEBUG - Getting Stays
12.10.2022, 19:33:33 - DEBUG - Getting Stays
12.10.2022, 19:33:57 - DEBUG - Getting Orders
12.10.2022, 19:33:57 - DEBUG - Getting Orders
12.10.2022, 19:33:57 - DEBUG - Getting Orders
12.10.2022, 19:33:57 - DEBUG - Getting Orders
12.10.2022, 19:33:57 - DEBUG - Getting Orders
12.10.2022, 19:33:57 - DEBUG - Getting Orders
12.10.2022, 19:33:57 - DEBUG - Getting Orders
12.10.2022, 19:33:58 - DEBUG - Getting Orders
12.10.2022, 19:33:58 - DEBUG - Getting Orders
12.10.2022, 19:33:58 - DEBUG - Getting Orders
12.10.2022, 19:34:04 - DEBUG - Getting Orders
12.10.2022, 19:34:04 - DEBUG - Getting Orders
12.10.2022, 19:34:04 - DEBUG - Getting Orders
12.10.2022, 19:34:04 - DEBUG - Getting Orders
12.10.2022, 19:34:04 - DEBUG - Getting Orders
12.10.2022, 19:34:04 - DEBUG - Getting Orders
12.10.2022, 19:34:46 - DEBUG - Getting Orders
12.10.2022, 19:34:46 - DEBUG - Getting Orders
12.10.2022, 19:34:46 - DEBUG - Getting Orders
12.10.2022, 19:34:46 - DEBUG - Getting Orders
12.10.2022, 19:35:22 - DEBUG - Getting Stays
12.10.2022, 19:35:34 - DEBUG - Getting Orders
12.10.2022, 19:35:34 - DEBUG - Getting Orders
12.10.2022, 19:35:34 - DEBUG - Getting Orders
12.10.2022, 19:35:34 - DEBUG - Getting Orders
12.10.2022, 19:35:34 - DEBUG - Getting Orders
12.10.2022, 19:35:34 - DEBUG - Getting Orders
12.10.2022, 19:35:35 - DEBUG - Getting Orders
12.10.2022, 19:35:35 - DEBUG - Getting Orders
12.10.2022, 19:35:35 - DEBUG - Getting Orders
12.10.2022, 19:35:35 - DEBUG - Getting Orders
12.10.2022, 19:35:40 - DEBUG - Getting Orders
12.10.2022, 19:35:40 - DEBUG - Getting Orders
12.10.2022, 19:35:40 - DEBUG - Getting Orders
12.10.2022, 19:35:40 - DEBUG - Getting Orders
12.10.2022, 19:35:40 - DEBUG - Getting Orders
12.10.2022, 19:35:40 - DEBUG - Getting Orders
12.10.2022, 19:38:17 - DEBUG - Getting Orders
12.10.2022, 19:38:17 - DEBUG - Getting Orders
12.10.2022, 19:38:17 - DEBUG - Getting Orders
12.10.2022, 19:38:17 - DEBUG - Getting Orders
12.10.2022, 19:38:29 - DEBUG - Getting Stays
12.10.2022, 19:38:42 - DEBUG - Getting Orders
12.10.2022, 19:38:42 - DEBUG - Getting Orders
12.10.2022, 19:38:42 - DEBUG - Getting Orders
12.10.2022, 19:38:42 - DEBUG - Getting Orders
12.10.2022, 19:38:42 - DEBUG - Getting Orders
12.10.2022, 19:38:42 - DEBUG - Getting Orders
12.10.2022, 19:38:43 - DEBUG - Getting Orders
12.10.2022, 19:38:43 - DEBUG - Getting Orders
12.10.2022, 19:38:43 - DEBUG - Getting Orders
12.10.2022, 19:38:43 - DEBUG - Getting Orders
12.10.2022, 19:38:50 - DEBUG - Getting Orders
12.10.2022, 19:38:50 - DEBUG - Getting Orders
12.10.2022, 19:38:50 - DEBUG - Getting Orders
12.10.2022, 19:38:50 - DEBUG - Getting Orders
12.10.2022, 19:38:50 - DEBUG - Getting Orders
12.10.2022, 19:38:51 - DEBUG - Getting Orders
12.10.2022, 19:38:59 - DEBUG - Getting Stays
12.10.2022, 19:39:30 - DEBUG - auth.service - login with username: 59985
12.10.2022, 19:39:30 - INFO - User login:  | {"_id":"63457207f9672311767e7006","fullname":"Leo","imgUrl":"https://robohash.org/59985?set=set1","username":"59985"}
12.10.2022, 19:39:41 - DEBUG - Getting Orders
